<?xml version="1.0" encoding="UTF-8"?>
<!-- Generated by org.testng.reporters.JUnitReportReporter -->
<testsuite ignored="0" hostname="Ruslans-MacBook-Air.local" failures="0" tests="2" name="Annotations.BassicAnnotations" time="7.323" errors="0" timestamp="27 Jun 2021 16:17:35 GMT" skipped="0">
  <testcase classname="Annotations.BassicAnnotations" name="login_with_invalid_credentials" time="2.822"/>
  <testcase classname="Annotations.BassicAnnotations" name="login_with_valid_credentials" time="4.501"/>
</testsuite> <!-- Annotations.BassicAnnotations -->
