<?xml version="1.0" encoding="UTF-8"?>
<!-- Generated by org.testng.reporters.JUnitReportReporter -->
<testsuite hostname="Ruslans-MacBook-Air.local" failures="0" tests="4" name="practice.Enable_Test" time="0.002" errors="0" timestamp="2021-11-22T14:45:35 EST" skipped="2">
  <testcase classname="practice.Enable_Test" name="testMethod4" time="0.001"/>
  <system-out>
onTestStart -> Test Name: testMethod4 onTestSuccess -> Test Name: testMethod4  </system-out>
  <testcase classname="practice.Enable_Test" name="testMethod3" time="0.001"/>
  <system-out>
onTestStart -> Test Name: testMethod3 onTestSuccess -> Test Name: testMethod3  </system-out>
  <testcase classname="practice.Enable_Test" name="testMethod1">
    <skipped/>
  </testcase> <!-- testMethod1 -->
  <system-out/>
  <testcase classname="practice.Enable_Test" name="testMethod2">
    <skipped/>
  </testcase> <!-- testMethod2 -->
  <system-out/>
</testsuite> <!-- practice.Enable_Test -->
