<?xml version="1.0" encoding="UTF-8"?>
<!-- Generated by org.testng.reporters.JUnitReportReporter -->
<testsuite hostname="Ruslans-MacBook-Air.local" failures="0" tests="2" name="paralleltesting.Parallel2_Test" time="6.008" errors="0" timestamp="2021-11-22T14:45:35 EST" skipped="0">
  <testcase classname="paralleltesting.Parallel2_Test" name="testMethod2" time="3.006"/>
  <system-out>
onTestStart -> Test Name: testMethod2 onTestSuccess -> Test Name: testMethod2  </system-out>
  <testcase classname="paralleltesting.Parallel2_Test" name="testMethod1" time="3.002"/>
  <system-out>
onTestStart -> Test Name: testMethod1 onTestSuccess -> Test Name: testMethod1  </system-out>
</testsuite> <!-- paralleltesting.Parallel2_Test -->
