<?xml version="1.0" encoding="UTF-8"?>
<!-- Generated by org.testng.reporters.JUnitReportReporter -->
<testsuite hostname="Ruslans-MacBook-Air.local" failures="0" tests="3" name="practice.Priority_Test" time="0.002" errors="0" timestamp="2021-11-22T14:45:35 EST" skipped="0">
  <testcase classname="practice.Priority_Test" name="method1" time="0.001"/>
  <system-out>
onTestStart -> Test Name: method1 onTestSuccess -> Test Name: method1  </system-out>
  <testcase classname="practice.Priority_Test" name="method3" time="0.001"/>
  <system-out>
onTestStart -> Test Name: method3 onTestSuccess -> Test Name: method3  </system-out>
  <testcase classname="practice.Priority_Test" name="method2" time="0.000"/>
  <system-out>
onTestStart -> Test Name: method2 onTestSuccess -> Test Name: method2  </system-out>
</testsuite> <!-- practice.Priority_Test -->
