<?xml version="1.0" encoding="UTF-8"?>
<!-- Generated by org.testng.reporters.JUnitReportReporter -->
<testsuite hostname="Ruslans-MacBook-Air.local" failures="0" tests="6" name="practice.Grouping_Test" time="0.002" errors="0" timestamp="2021-11-22T14:45:35 EST" skipped="0">
  <testcase classname="practice.Grouping_Test" name="testSamsungNote" time="0.000"/>
  <system-out>
onTestStart -> Test Name: testSamsungNote onTestSuccess -> Test Name: testSamsungNote  </system-out>
  <testcase classname="practice.Grouping_Test" name="testHPEliteOne" time="0.000"/>
  <system-out>
onTestStart -> Test Name: testHPEliteOne onTestSuccess -> Test Name: testHPEliteOne  </system-out>
  <testcase classname="practice.Grouping_Test" name="testYoll" time="0.000"/>
  <system-out>
onTestStart -> Test Name: testYoll onTestSuccess -> Test Name: testYoll  </system-out>
  <testcase classname="practice.Grouping_Test" name="testIphone" time="0.000"/>
  <system-out>
onTestStart -> Test Name: testIphone onTestSuccess -> Test Name: testIphone  </system-out>
  <testcase classname="practice.Grouping_Test" name="testSurfaceBook" time="0.001"/>
  <system-out>
onTestStart -> Test Name: testSurfaceBook onTestSuccess -> Test Name: testSurfaceBook  </system-out>
  <testcase classname="practice.Grouping_Test" name="testMacBook" time="0.001"/>
  <system-out>
onTestStart -> Test Name: testMacBook onTestSuccess -> Test Name: testMacBook  </system-out>
</testsuite> <!-- practice.Grouping_Test -->
