<?xml version="1.0" encoding="UTF-8"?>
<!-- Generated by org.testng.reporters.JUnitReportReporter -->
<testsuite hostname="Ruslans-MacBook-Air.local" failures="0" tests="3" name="paralleltesting.SingleMethodParallel_Test" time="0.002" errors="0" timestamp="2021-11-22T14:45:35 EST" skipped="0">
  <testcase classname="paralleltesting.SingleMethodParallel_Test" name="test2" time="0.000"/>
  <system-out>
onTestStart -> Test Name: test2 onTestSuccess -> Test Name: test2  </system-out>
  <testcase classname="paralleltesting.SingleMethodParallel_Test" name="test2" time="0.001"/>
  <system-out>
onTestStart -> Test Name: test2 onTestSuccess -> Test Name: test2  </system-out>
  <testcase classname="paralleltesting.SingleMethodParallel_Test" name="test2" time="0.001"/>
  <system-out>
onTestStart -> Test Name: test2 onTestSuccess -> Test Name: test2  </system-out>
</testsuite> <!-- paralleltesting.SingleMethodParallel_Test -->
